<?xml version="1.0" encoding="UTF-8"?>
<!-- Generated by org.testng.reporters.JUnitReportReporter -->
<testsuite skipped="0" hostname="0100ITECOM-MHA" name="testClass.SearchTest" tests="4" failures="0" timestamp="2022-01-19T13:17:05 ICT" time="15.075" errors="0">
  <testcase name="page_Validate" time="0.307" classname="testClass.SearchTest"/>
  <system-out/>
  <testcase name="page_Validate" time="2.185" classname="testClass.SearchTest"/>
  <system-out/>
  <testcase name="searchCourse_Success" time="2.217" classname="testClass.SearchTest"/>
  <system-out/>
  <testcase name="searchCourse_Failed" time="10.366" classname="testClass.SearchTest"/>
  <system-out/>
</testsuite> <!-- testClass.SearchTest -->
