<?xml version="1.0" encoding="UTF-8"?>
<!-- Generated by org.testng.reporters.JUnitReportReporter -->
<testsuite skipped="0" hostname="0100ITECOM-MHA" name="testClass.SearchTest" tests="4" failures="0" timestamp="2022-01-15T15:45:36 ICT" time="6.189" errors="0">
  <testcase name="page_Validate" time="0.435" classname="testClass.SearchTest"/>
  <system-out/>
  <testcase name="page_Validate" time="0.266" classname="testClass.SearchTest"/>
  <system-out/>
  <testcase name="searchCourse_Failed" time="4.728" classname="testClass.SearchTest"/>
  <system-out/>
  <testcase name="searchCourse_Success" time="0.760" classname="testClass.SearchTest"/>
  <system-out/>
</testsuite> <!-- testClass.SearchTest -->
